<?xml version="1.0" encoding="UTF-8"?>
<!-- Generated by org.testng.reporters.JUnitXMLReporter -->
<testsuite ignored="2" hostname="DESKTOP-ELL961H" failures="0" tests="0" time="0.027" errors="0" timestamp="2022-11-02T01:09:46 IST">
  <testcase classname="TestngFrameworkDesign.ErrorvalidationsTest" name="ProductErrorValidation" time="0.0">
    <ignored/>
  </testcase> <!-- ProductErrorValidation -->
  <testcase classname="TestngFrameworkDesign.ErrorvalidationsTest" name="LoginErrorValidation" time="0.0">
    <ignored/>
  </testcase> <!-- LoginErrorValidation -->
</testsuite>
