<?xml version="1.0" encoding="UTF-8"?>
<!-- Generated by org.testng.reporters.JUnitXMLReporter -->
<testsuite ignored="1" hostname="DESKTOP-ELL961H" failures="0" tests="2" name="SubmitorderTest" time="63.907" errors="0" timestamp="2022-11-02T01:10:50 IST">
  <testcase classname="TestngFrameworkDesign.SubmitorderTest" name="Submitorder" time="6.669"/>
  <testcase classname="TestngFrameworkDesign.SubmitorderTest" name="Submitorder" time="5.559"/>
  <testcase classname="TestngFrameworkDesign.SubmitorderTest" name="OrderhistoryTest" time="0.0">
    <ignored/>
  </testcase> <!-- OrderhistoryTest -->
</testsuite> <!-- SubmitorderTest -->
