<?xml version="1.0" encoding="UTF-8"?>
<testng-results ignored="3" total="5" passed="2" failed="0" skipped="0">
  <reporter-output>
  </reporter-output>
  <suite started-at="2022-11-02T01:09:46 IST" name="Suite" finished-at="2022-11-02T01:10:50 IST" duration-ms="63907">
    <groups>
      <group name="readingjsondata">
        <method signature="SubmitorderTest.Submitorder(java.util.HashMap)[pri:0, instance:TestngFrameworkDesign.SubmitorderTest@4c371370]" name="Submitorder" class="TestngFrameworkDesign.SubmitorderTest"/>
      </group> <!-- readingjsondata -->
    </groups>
    <test started-at="2022-11-02T01:09:46 IST" name="ErrorvalidationsTest" finished-at="2022-11-02T01:09:46 IST" duration-ms="27">
    </test> <!-- ErrorvalidationsTest -->
    <test started-at="2022-11-02T01:09:46 IST" name="SubmitorderTest" finished-at="2022-11-02T01:10:50 IST" duration-ms="63907">
      <class name="TestngFrameworkDesign.SubmitorderTest">
        <test-method is-config="true" signature="launchingApplication()[pri:0, instance:TestngFrameworkDesign.SubmitorderTest@4c371370]" started-at="2022-11-02T01:09:46 IST" name="launchingApplication" finished-at="2022-11-02T01:10:20 IST" duration-ms="34195" status="PASS">
          <reporter-output>
          </reporter-output>
        </test-method> <!-- launchingApplication -->
        <test-method signature="Submitorder(java.util.HashMap)[pri:0, instance:TestngFrameworkDesign.SubmitorderTest@4c371370]" started-at="2022-11-02T01:10:20 IST" name="Submitorder" data-provider="getdata" finished-at="2022-11-02T01:10:27 IST" duration-ms="6669" status="PASS">
          <params>
            <param index="0">
              <value>
                <![CDATA[{password=Iamking@000, product=ZARA COAT 3, email=anshika@gmail.com}]]>
              </value>
            </param>
          </params>
          <reporter-output>
          </reporter-output>
        </test-method> <!-- Submitorder -->
        <test-method is-config="true" signature="teardown()[pri:0, instance:TestngFrameworkDesign.SubmitorderTest@4c371370]" started-at="2022-11-02T01:10:27 IST" name="teardown" finished-at="2022-11-02T01:10:27 IST" duration-ms="284" status="PASS">
          <reporter-output>
          </reporter-output>
        </test-method> <!-- teardown -->
        <test-method is-config="true" signature="launchingApplication()[pri:0, instance:TestngFrameworkDesign.SubmitorderTest@4c371370]" started-at="2022-11-02T01:10:27 IST" name="launchingApplication" finished-at="2022-11-02T01:10:44 IST" duration-ms="16558" status="PASS">
          <reporter-output>
          </reporter-output>
        </test-method> <!-- launchingApplication -->
        <test-method signature="Submitorder(java.util.HashMap)[pri:0, instance:TestngFrameworkDesign.SubmitorderTest@4c371370]" started-at="2022-11-02T01:10:44 IST" name="Submitorder" data-provider="getdata" finished-at="2022-11-02T01:10:50 IST" duration-ms="5559" status="PASS">
          <params>
            <param index="0">
              <value>
                <![CDATA[{password=Praveen123, product=IPHONE 13 PRO, email=praveenkumar@gmail.com}]]>
              </value>
            </param>
          </params>
          <reporter-output>
          </reporter-output>
        </test-method> <!-- Submitorder -->
        <test-method is-config="true" signature="teardown()[pri:0, instance:TestngFrameworkDesign.SubmitorderTest@4c371370]" started-at="2022-11-02T01:10:50 IST" name="teardown" finished-at="2022-11-02T01:10:50 IST" duration-ms="183" status="PASS">
          <reporter-output>
          </reporter-output>
        </test-method> <!-- teardown -->
      </class> <!-- TestngFrameworkDesign.SubmitorderTest -->
    </test> <!-- SubmitorderTest -->
  </suite> <!-- Suite -->
</testng-results>
